<?xml version="1.0" encoding="UTF-8"?>
<coverage generated="1588539471433" clover="3.2.0">
  <project timestamp="1588539471433" name="All files">
    <metrics statements="126" coveredstatements="106" conditionals="32" coveredconditionals="18" methods="44" coveredmethods="20" elements="202" coveredelements="144" complexity="0" loc="126" ncloc="126" packages="8" files="30" classes="30"/>
    <package name="src">
      <metrics statements="29" coveredstatements="29" conditionals="0" coveredconditionals="0" methods="0" coveredmethods="0"/>
      <file name="index.ts" path="/Users/jakubbiesiada/github/react-render-actions/src/index.ts">
        <metrics statements="29" coveredstatements="29" conditionals="0" coveredconditionals="0" methods="0" coveredmethods="0"/>
        <line num="1" count="5" type="stmt"/>
        <line num="2" count="5" type="stmt"/>
        <line num="3" count="5" type="stmt"/>
        <line num="5" count="5" type="stmt"/>
        <line num="6" count="5" type="stmt"/>
        <line num="7" count="5" type="stmt"/>
        <line num="8" count="5" type="stmt"/>
        <line num="9" count="5" type="stmt"/>
        <line num="10" count="5" type="stmt"/>
        <line num="11" count="5" type="stmt"/>
        <line num="12" count="5" type="stmt"/>
        <line num="14" count="5" type="stmt"/>
        <line num="15" count="5" type="stmt"/>
        <line num="16" count="5" type="stmt"/>
        <line num="17" count="5" type="stmt"/>
        <line num="18" count="5" type="stmt"/>
        <line num="20" count="5" type="stmt"/>
        <line num="21" count="5" type="stmt"/>
        <line num="22" count="5" type="stmt"/>
        <line num="23" count="5" type="stmt"/>
        <line num="24" count="5" type="stmt"/>
        <line num="26" count="5" type="stmt"/>
        <line num="27" count="5" type="stmt"/>
        <line num="28" count="5" type="stmt"/>
        <line num="30" count="5" type="stmt"/>
        <line num="31" count="5" type="stmt"/>
        <line num="33" count="5" type="stmt"/>
        <line num="34" count="5" type="stmt"/>
        <line num="35" count="5" type="stmt"/>
      </file>
    </package>
    <package name="src.Async">
      <metrics statements="18" coveredstatements="17" conditionals="8" coveredconditionals="6" methods="6" coveredmethods="2"/>
      <file name="Async.ts" path="/Users/jakubbiesiada/github/react-render-actions/src/Async/Async.ts">
        <metrics statements="14" coveredstatements="13" conditionals="8" coveredconditionals="6" methods="2" coveredmethods="2"/>
        <line num="1" count="5" type="stmt"/>
        <line num="2" count="5" type="stmt"/>
        <line num="3" count="5" type="stmt"/>
        <line num="4" count="5" type="stmt"/>
        <line num="10" count="5" type="stmt"/>
        <line num="11" count="2" type="stmt"/>
        <line num="12" count="6" type="cond" truecount="2" falsecount="0"/>
        <line num="13" count="2" type="stmt"/>
        <line num="16" count="4" type="cond" truecount="1" falsecount="1"/>
        <line num="17" count="0" type="stmt"/>
        <line num="20" count="4" type="cond" truecount="2" falsecount="0"/>
        <line num="21" count="2" type="stmt"/>
        <line num="24" count="2" type="cond" truecount="1" falsecount="1"/>
        <line num="25" count="2" type="stmt"/>
      </file>
      <file name="Await.ts" path="/Users/jakubbiesiada/github/react-render-actions/src/Async/Await.ts">
        <metrics statements="1" coveredstatements="1" conditionals="0" coveredconditionals="0" methods="1" coveredmethods="0"/>
        <line num="5" count="5" type="stmt"/>
      </file>
      <file name="Catch.ts" path="/Users/jakubbiesiada/github/react-render-actions/src/Async/Catch.ts">
        <metrics statements="1" coveredstatements="1" conditionals="0" coveredconditionals="0" methods="1" coveredmethods="0"/>
        <line num="5" count="5" type="stmt"/>
      </file>
      <file name="Finally.ts" path="/Users/jakubbiesiada/github/react-render-actions/src/Async/Finally.ts">
        <metrics statements="1" coveredstatements="1" conditionals="0" coveredconditionals="0" methods="1" coveredmethods="0"/>
        <line num="5" count="5" type="stmt"/>
      </file>
      <file name="Try.ts" path="/Users/jakubbiesiada/github/react-render-actions/src/Async/Try.ts">
        <metrics statements="1" coveredstatements="1" conditionals="0" coveredconditionals="0" methods="1" coveredmethods="0"/>
        <line num="5" count="5" type="stmt"/>
      </file>
    </package>
    <package name="src.Condition">
      <metrics statements="11" coveredstatements="11" conditionals="6" coveredconditionals="3" methods="6" coveredmethods="5"/>
      <file name="Else.ts" path="/Users/jakubbiesiada/github/react-render-actions/src/Condition/Else.ts">
        <metrics statements="1" coveredstatements="1" conditionals="0" coveredconditionals="0" methods="1" coveredmethods="0"/>
        <line num="5" count="5" type="stmt"/>
      </file>
      <file name="If.ts" path="/Users/jakubbiesiada/github/react-render-actions/src/Condition/If.ts">
        <metrics statements="5" coveredstatements="5" conditionals="2" coveredconditionals="1" methods="2" coveredmethods="2"/>
        <line num="1" count="5" type="stmt"/>
        <line num="2" count="5" type="stmt"/>
        <line num="9" count="5" type="stmt"/>
        <line num="10" count="1" type="stmt"/>
        <line num="11" count="1" type="cond" truecount="1" falsecount="1"/>
      </file>
      <file name="Then.ts" path="/Users/jakubbiesiada/github/react-render-actions/src/Condition/Then.ts">
        <metrics statements="1" coveredstatements="1" conditionals="0" coveredconditionals="0" methods="1" coveredmethods="1"/>
        <line num="5" count="5" type="stmt"/>
      </file>
      <file name="Unless.ts" path="/Users/jakubbiesiada/github/react-render-actions/src/Condition/Unless.ts">
        <metrics statements="2" coveredstatements="2" conditionals="2" coveredconditionals="1" methods="1" coveredmethods="1"/>
        <line num="6" count="5" type="stmt"/>
        <line num="7" count="1" type="cond" truecount="1" falsecount="1"/>
      </file>
      <file name="When.ts" path="/Users/jakubbiesiada/github/react-render-actions/src/Condition/When.ts">
        <metrics statements="2" coveredstatements="2" conditionals="2" coveredconditionals="1" methods="1" coveredmethods="1"/>
        <line num="6" count="5" type="stmt"/>
        <line num="7" count="1" type="cond" truecount="1" falsecount="1"/>
      </file>
    </package>
    <package name="src.Functions">
      <metrics statements="6" coveredstatements="6" conditionals="0" coveredconditionals="0" methods="5" coveredmethods="5"/>
      <file name="Filter.ts" path="/Users/jakubbiesiada/github/react-render-actions/src/Functions/Filter.ts">
        <metrics statements="2" coveredstatements="2" conditionals="0" coveredconditionals="0" methods="2" coveredmethods="2"/>
        <line num="7" count="5" type="stmt"/>
        <line num="8" count="7" type="stmt"/>
      </file>
      <file name="Map.ts" path="/Users/jakubbiesiada/github/react-render-actions/src/Functions/Map.ts">
        <metrics statements="2" coveredstatements="2" conditionals="0" coveredconditionals="0" methods="2" coveredmethods="2"/>
        <line num="6" count="5" type="stmt"/>
        <line num="7" count="7" type="stmt"/>
      </file>
      <file name="Reduce.ts" path="/Users/jakubbiesiada/github/react-render-actions/src/Functions/Reduce.ts">
        <metrics statements="2" coveredstatements="2" conditionals="0" coveredconditionals="0" methods="1" coveredmethods="1"/>
        <line num="7" count="5" type="stmt"/>
        <line num="8" count="1" type="stmt"/>
      </file>
    </package>
    <package name="src.Loop">
      <metrics statements="20" coveredstatements="8" conditionals="0" coveredconditionals="0" methods="9" coveredmethods="0"/>
      <file name="Break.ts" path="/Users/jakubbiesiada/github/react-render-actions/src/Loop/Break.ts">
        <metrics statements="1" coveredstatements="1" conditionals="0" coveredconditionals="0" methods="1" coveredmethods="0"/>
        <line num="1" count="5" type="stmt"/>
      </file>
      <file name="Continue.ts" path="/Users/jakubbiesiada/github/react-render-actions/src/Loop/Continue.ts">
        <metrics statements="1" coveredstatements="1" conditionals="0" coveredconditionals="0" methods="1" coveredmethods="0"/>
        <line num="1" count="5" type="stmt"/>
      </file>
      <file name="DoWhile.ts" path="/Users/jakubbiesiada/github/react-render-actions/src/Loop/DoWhile.ts">
        <metrics statements="3" coveredstatements="1" conditionals="0" coveredconditionals="0" methods="1" coveredmethods="0"/>
        <line num="6" count="5" type="stmt"/>
        <line num="7" count="0" type="stmt"/>
        <line num="8" count="0" type="stmt"/>
      </file>
      <file name="For.ts" path="/Users/jakubbiesiada/github/react-render-actions/src/Loop/For.ts">
        <metrics statements="3" coveredstatements="1" conditionals="0" coveredconditionals="0" methods="1" coveredmethods="0"/>
        <line num="11" count="5" type="stmt"/>
        <line num="12" count="0" type="stmt"/>
        <line num="17" count="0" type="stmt"/>
      </file>
      <file name="ForEach.ts" path="/Users/jakubbiesiada/github/react-render-actions/src/Loop/ForEach.ts">
        <metrics statements="3" coveredstatements="1" conditionals="0" coveredconditionals="0" methods="2" coveredmethods="0"/>
        <line num="6" count="5" type="stmt"/>
        <line num="7" count="0" type="stmt"/>
        <line num="8" count="0" type="stmt"/>
      </file>
      <file name="ForIn.ts" path="/Users/jakubbiesiada/github/react-render-actions/src/Loop/ForIn.ts">
        <metrics statements="3" coveredstatements="1" conditionals="0" coveredconditionals="0" methods="1" coveredmethods="0"/>
        <line num="6" count="5" type="stmt"/>
        <line num="7" count="0" type="stmt"/>
        <line num="8" count="0" type="stmt"/>
      </file>
      <file name="ForOf.ts" path="/Users/jakubbiesiada/github/react-render-actions/src/Loop/ForOf.ts">
        <metrics statements="3" coveredstatements="1" conditionals="0" coveredconditionals="0" methods="1" coveredmethods="0"/>
        <line num="6" count="5" type="stmt"/>
        <line num="7" count="0" type="stmt"/>
        <line num="8" count="0" type="stmt"/>
      </file>
      <file name="While.ts" path="/Users/jakubbiesiada/github/react-render-actions/src/Loop/While.ts">
        <metrics statements="3" coveredstatements="1" conditionals="0" coveredconditionals="0" methods="1" coveredmethods="0"/>
        <line num="6" count="5" type="stmt"/>
        <line num="7" count="0" type="stmt"/>
        <line num="8" count="0" type="stmt"/>
      </file>
    </package>
    <package name="src.Promise">
      <metrics statements="8" coveredstatements="5" conditionals="0" coveredconditionals="0" methods="7" coveredmethods="0"/>
      <file name="Promise.ts" path="/Users/jakubbiesiada/github/react-render-actions/src/Promise/Promise.ts">
        <metrics statements="6" coveredstatements="3" conditionals="0" coveredconditionals="0" methods="5" coveredmethods="0"/>
        <line num="1" count="5" type="stmt"/>
        <line num="2" count="5" type="stmt"/>
        <line num="11" count="5" type="stmt"/>
        <line num="12" count="0" type="stmt"/>
        <line num="13" count="0" type="stmt"/>
        <line num="14" count="0" type="stmt"/>
      </file>
      <file name="Reject.ts" path="/Users/jakubbiesiada/github/react-render-actions/src/Promise/Reject.ts">
        <metrics statements="1" coveredstatements="1" conditionals="0" coveredconditionals="0" methods="1" coveredmethods="0"/>
        <line num="1" count="5" type="stmt"/>
      </file>
      <file name="Resolve.ts" path="/Users/jakubbiesiada/github/react-render-actions/src/Promise/Resolve.ts">
        <metrics statements="1" coveredstatements="1" conditionals="0" coveredconditionals="0" methods="1" coveredmethods="0"/>
        <line num="5" count="5" type="stmt"/>
      </file>
    </package>
    <package name="src.Switch">
      <metrics statements="14" coveredstatements="12" conditionals="6" coveredconditionals="3" methods="5" coveredmethods="4"/>
      <file name="Case.ts" path="/Users/jakubbiesiada/github/react-render-actions/src/Switch/Case.ts">
        <metrics statements="1" coveredstatements="1" conditionals="0" coveredconditionals="0" methods="1" coveredmethods="0"/>
        <line num="5" count="5" type="stmt"/>
      </file>
      <file name="Default.ts" path="/Users/jakubbiesiada/github/react-render-actions/src/Switch/Default.ts">
        <metrics statements="1" coveredstatements="1" conditionals="0" coveredconditionals="0" methods="1" coveredmethods="1"/>
        <line num="5" count="5" type="stmt"/>
      </file>
      <file name="Switch.ts" path="/Users/jakubbiesiada/github/react-render-actions/src/Switch/Switch.ts">
        <metrics statements="12" coveredstatements="10" conditionals="6" coveredconditionals="3" methods="3" coveredmethods="3"/>
        <line num="1" count="5" type="stmt"/>
        <line num="2" count="5" type="stmt"/>
        <line num="9" count="5" type="stmt"/>
        <line num="10" count="1" type="stmt"/>
        <line num="12" count="1" type="cond" truecount="1" falsecount="1"/>
        <line num="14" count="1" type="stmt"/>
        <line num="16" count="1" type="stmt"/>
        <line num="18" count="1" type="cond" truecount="1" falsecount="1"/>
        <line num="19" count="0" type="stmt"/>
        <line num="20" count="1" type="cond" truecount="1" falsecount="1"/>
        <line num="21" count="1" type="stmt"/>
        <line num="23" count="0" type="stmt"/>
      </file>
    </package>
    <package name="src.Timeout">
      <metrics statements="20" coveredstatements="18" conditionals="12" coveredconditionals="6" methods="6" coveredmethods="4"/>
      <file name="SetInterval.ts" path="/Users/jakubbiesiada/github/react-render-actions/src/Timeout/SetInterval.ts">
        <metrics statements="13" coveredstatements="12" conditionals="8" coveredconditionals="4" methods="4" coveredmethods="3"/>
        <line num="1" count="5" type="stmt"/>
        <line num="10" count="5" type="stmt"/>
        <line num="11" count="1" type="stmt"/>
        <line num="12" count="2" type="cond" truecount="1" falsecount="1"/>
        <line num="13" count="2" type="cond" truecount="1" falsecount="1"/>
        <line num="14" count="1" type="stmt"/>
        <line num="16" count="1" type="stmt"/>
        <line num="18" count="1" type="stmt"/>
        <line num="19" count="1" type="cond" truecount="1" falsecount="1"/>
        <line num="20" count="1" type="stmt"/>
        <line num="21" count="0" type="stmt"/>
        <line num="24" count="1" type="stmt"/>
        <line num="28" count="1" type="cond" truecount="1" falsecount="1"/>
      </file>
      <file name="SetTimeout.ts" path="/Users/jakubbiesiada/github/react-render-actions/src/Timeout/SetTimeout.ts">
        <metrics statements="7" coveredstatements="6" conditionals="4" coveredconditionals="2" methods="2" coveredmethods="1"/>
        <line num="1" count="5" type="stmt"/>
        <line num="9" count="5" type="stmt"/>
        <line num="10" count="1" type="stmt"/>
        <line num="12" count="1" type="cond" truecount="1" falsecount="1"/>
        <line num="13" count="1" type="stmt"/>
        <line num="14" count="0" type="stmt"/>
        <line num="18" count="1" type="cond" truecount="1" falsecount="1"/>
      </file>
    </package>
  </project>
</coverage>
