{"/Users/jakubbiesiada/github/react-render-actions/src/index.ts": {"path":"/Users/jakubbiesiada/github/react-render-actions/src/index.ts","statementMap":{"0":{"start":{"line":1,"column":0},"end":{"line":1,"column":9}},"1":{"start":{"line":1,"column":9},"end":{"line":1,"column":41}},"2":{"start":{"line":2,"column":0},"end":{"line":2,"column":9}},"3":{"start":{"line":2,"column":9},"end":{"line":2,"column":37}},"4":{"start":{"line":3,"column":0},"end":{"line":3,"column":9}},"5":{"start":{"line":3,"column":9},"end":{"line":3,"column":43}},"6":{"start":{"line":5,"column":0},"end":{"line":5,"column":9}},"7":{"start":{"line":5,"column":9},"end":{"line":5,"column":33}},"8":{"start":{"line":6,"column":0},"end":{"line":6,"column":9}},"9":{"start":{"line":6,"column":9},"end":{"line":6,"column":37}},"10":{"start":{"line":7,"column":0},"end":{"line":7,"column":9}},"11":{"start":{"line":7,"column":9},"end":{"line":7,"column":37}},"12":{"start":{"line":8,"column":0},"end":{"line":8,"column":9}},"13":{"start":{"line":8,"column":9},"end":{"line":8,"column":41}},"14":{"start":{"line":9,"column":0},"end":{"line":9,"column":9}},"15":{"start":{"line":9,"column":9},"end":{"line":9,"column":37}},"16":{"start":{"line":10,"column":0},"end":{"line":10,"column":9}},"17":{"start":{"line":10,"column":9},"end":{"line":10,"column":41}},"18":{"start":{"line":11,"column":0},"end":{"line":11,"column":9}},"19":{"start":{"line":11,"column":9},"end":{"line":11,"column":37}},"20":{"start":{"line":12,"column":0},"end":{"line":12,"column":9}},"21":{"start":{"line":12,"column":9},"end":{"line":12,"column":43}},"22":{"start":{"line":14,"column":0},"end":{"line":14,"column":9}},"23":{"start":{"line":14,"column":9},"end":{"line":14,"column":36}},"24":{"start":{"line":15,"column":0},"end":{"line":15,"column":9}},"25":{"start":{"line":15,"column":9},"end":{"line":15,"column":40}},"26":{"start":{"line":16,"column":0},"end":{"line":16,"column":9}},"27":{"start":{"line":16,"column":9},"end":{"line":16,"column":40}},"28":{"start":{"line":17,"column":0},"end":{"line":17,"column":9}},"29":{"start":{"line":17,"column":9},"end":{"line":17,"column":40}},"30":{"start":{"line":18,"column":0},"end":{"line":18,"column":9}},"31":{"start":{"line":18,"column":9},"end":{"line":18,"column":44}},"32":{"start":{"line":20,"column":0},"end":{"line":20,"column":9}},"33":{"start":{"line":20,"column":9},"end":{"line":20,"column":38}},"34":{"start":{"line":21,"column":0},"end":{"line":21,"column":9}},"35":{"start":{"line":21,"column":9},"end":{"line":21,"column":38}},"36":{"start":{"line":22,"column":0},"end":{"line":22,"column":9}},"37":{"start":{"line":22,"column":9},"end":{"line":22,"column":34}},"38":{"start":{"line":23,"column":0},"end":{"line":23,"column":9}},"39":{"start":{"line":23,"column":9},"end":{"line":23,"column":38}},"40":{"start":{"line":24,"column":0},"end":{"line":24,"column":9}},"41":{"start":{"line":24,"column":9},"end":{"line":24,"column":42}},"42":{"start":{"line":26,"column":0},"end":{"line":26,"column":9}},"43":{"start":{"line":26,"column":9},"end":{"line":26,"column":45}},"44":{"start":{"line":27,"column":0},"end":{"line":27,"column":9}},"45":{"start":{"line":27,"column":9},"end":{"line":27,"column":44}},"46":{"start":{"line":28,"column":0},"end":{"line":28,"column":9}},"47":{"start":{"line":28,"column":9},"end":{"line":28,"column":42}},"48":{"start":{"line":30,"column":0},"end":{"line":30,"column":9}},"49":{"start":{"line":30,"column":9},"end":{"line":30,"column":50}},"50":{"start":{"line":31,"column":0},"end":{"line":31,"column":9}},"51":{"start":{"line":31,"column":9},"end":{"line":31,"column":52}},"52":{"start":{"line":33,"column":0},"end":{"line":33,"column":9}},"53":{"start":{"line":33,"column":9},"end":{"line":33,"column":38}},"54":{"start":{"line":34,"column":0},"end":{"line":34,"column":9}},"55":{"start":{"line":34,"column":9},"end":{"line":34,"column":44}},"56":{"start":{"line":35,"column":0},"end":{"line":35,"column":9}},"57":{"start":{"line":35,"column":9},"end":{"line":35,"column":44}}},"fnMap":{},"branchMap":{},"s":{"0":5,"1":5,"2":5,"3":5,"4":5,"5":5,"6":5,"7":5,"8":5,"9":5,"10":5,"11":5,"12":5,"13":5,"14":5,"15":5,"16":5,"17":5,"18":5,"19":5,"20":5,"21":5,"22":5,"23":5,"24":5,"25":5,"26":5,"27":5,"28":5,"29":5,"30":5,"31":5,"32":5,"33":5,"34":5,"35":5,"36":5,"37":5,"38":5,"39":5,"40":5,"41":5,"42":5,"43":5,"44":5,"45":5,"46":5,"47":5,"48":5,"49":5,"50":5,"51":5,"52":5,"53":5,"54":5,"55":5,"56":5,"57":5},"f":{},"b":{}}
,"/Users/jakubbiesiada/github/react-render-actions/src/Async/Async.ts": {"path":"/Users/jakubbiesiada/github/react-render-actions/src/Async/Async.ts","statementMap":{"0":{"start":{"line":1,"column":0},"end":{"line":1,"column":32}},"1":{"start":{"line":2,"column":0},"end":{"line":2,"column":28}},"2":{"start":{"line":3,"column":0},"end":{"line":3,"column":32}},"3":{"start":{"line":4,"column":0},"end":{"line":4,"column":36}},"4":{"start":{"line":10,"column":13},"end":{"line":28,"column":2}},"5":{"start":{"line":10,"column":24},"end":{"line":10,"column":32}},"6":{"start":{"line":11,"column":2},"end":{"line":27,"column":5}},"7":{"start":{"line":12,"column":4},"end":{"line":14,"column":null}},"8":{"start":{"line":13,"column":6},"end":{"line":13,"column":18}},"9":{"start":{"line":16,"column":4},"end":{"line":18,"column":null}},"10":{"start":{"line":17,"column":6},"end":{"line":17,"column":18}},"11":{"start":{"line":20,"column":4},"end":{"line":22,"column":null}},"12":{"start":{"line":21,"column":6},"end":{"line":21,"column":18}},"13":{"start":{"line":24,"column":4},"end":{"line":26,"column":null}},"14":{"start":{"line":25,"column":6},"end":{"line":25,"column":18}}},"fnMap":{"0":{"name":"(anonymous_0)","decl":{"start":{"line":10,"column":21},"end":{"line":10,"column":22}},"loc":{"start":{"line":10,"column":41},"end":{"line":28,"column":1}}},"1":{"name":"(anonymous_1)","decl":{"start":{"line":11,"column":23},"end":{"line":11,"column":24}},"loc":{"start":{"line":11,"column":30},"end":{"line":27,"column":3}}}},"branchMap":{"0":{"loc":{"start":{"line":12,"column":4},"end":{"line":14,"column":null}},"type":"if","locations":[{"start":{"line":12,"column":4},"end":{"line":14,"column":null}},{"start":{"line":12,"column":4},"end":{"line":14,"column":null}}]},"1":{"loc":{"start":{"line":16,"column":4},"end":{"line":18,"column":null}},"type":"if","locations":[{"start":{"line":16,"column":4},"end":{"line":18,"column":null}},{"start":{"line":16,"column":4},"end":{"line":18,"column":null}}]},"2":{"loc":{"start":{"line":20,"column":4},"end":{"line":22,"column":null}},"type":"if","locations":[{"start":{"line":20,"column":4},"end":{"line":22,"column":null}},{"start":{"line":20,"column":4},"end":{"line":22,"column":null}}]},"3":{"loc":{"start":{"line":24,"column":4},"end":{"line":26,"column":null}},"type":"if","locations":[{"start":{"line":24,"column":4},"end":{"line":26,"column":null}},{"start":{"line":24,"column":4},"end":{"line":26,"column":null}}]}},"s":{"0":5,"1":5,"2":5,"3":5,"4":5,"5":2,"6":2,"7":6,"8":2,"9":4,"10":0,"11":4,"12":2,"13":2,"14":2},"f":{"0":2,"1":6},"b":{"0":[2,4],"1":[0,4],"2":[2,2],"3":[2,0]}}
,"/Users/jakubbiesiada/github/react-render-actions/src/Async/Await.ts": {"path":"/Users/jakubbiesiada/github/react-render-actions/src/Async/Await.ts","statementMap":{"0":{"start":{"line":5,"column":13},"end":{"line":5,"column":55}},"1":{"start":{"line":5,"column":24},"end":{"line":5,"column":32}},"2":{"start":{"line":5,"column":46},"end":{"line":5,"column":55}}},"fnMap":{"0":{"name":"(anonymous_0)","decl":{"start":{"line":5,"column":21},"end":{"line":5,"column":22}},"loc":{"start":{"line":5,"column":41},"end":{"line":5,"column":54}}}},"branchMap":{},"s":{"0":5,"1":0,"2":0},"f":{"0":0},"b":{}}
,"/Users/jakubbiesiada/github/react-render-actions/src/Async/Catch.ts": {"path":"/Users/jakubbiesiada/github/react-render-actions/src/Async/Catch.ts","statementMap":{"0":{"start":{"line":5,"column":13},"end":{"line":5,"column":55}},"1":{"start":{"line":5,"column":24},"end":{"line":5,"column":32}},"2":{"start":{"line":5,"column":46},"end":{"line":5,"column":55}}},"fnMap":{"0":{"name":"(anonymous_0)","decl":{"start":{"line":5,"column":21},"end":{"line":5,"column":22}},"loc":{"start":{"line":5,"column":41},"end":{"line":5,"column":54}}}},"branchMap":{},"s":{"0":5,"1":0,"2":0},"f":{"0":0},"b":{}}
,"/Users/jakubbiesiada/github/react-render-actions/src/Async/Finally.ts": {"path":"/Users/jakubbiesiada/github/react-render-actions/src/Async/Finally.ts","statementMap":{"0":{"start":{"line":5,"column":13},"end":{"line":5,"column":57}},"1":{"start":{"line":5,"column":26},"end":{"line":5,"column":34}},"2":{"start":{"line":5,"column":48},"end":{"line":5,"column":57}}},"fnMap":{"0":{"name":"(anonymous_0)","decl":{"start":{"line":5,"column":23},"end":{"line":5,"column":24}},"loc":{"start":{"line":5,"column":43},"end":{"line":5,"column":56}}}},"branchMap":{},"s":{"0":5,"1":0,"2":0},"f":{"0":0},"b":{}}
,"/Users/jakubbiesiada/github/react-render-actions/src/Async/Try.ts": {"path":"/Users/jakubbiesiada/github/react-render-actions/src/Async/Try.ts","statementMap":{"0":{"start":{"line":5,"column":13},"end":{"line":5,"column":53}},"1":{"start":{"line":5,"column":22},"end":{"line":5,"column":30}},"2":{"start":{"line":5,"column":44},"end":{"line":5,"column":53}}},"fnMap":{"0":{"name":"(anonymous_0)","decl":{"start":{"line":5,"column":19},"end":{"line":5,"column":20}},"loc":{"start":{"line":5,"column":39},"end":{"line":5,"column":52}}}},"branchMap":{},"s":{"0":5,"1":0,"2":0},"f":{"0":0},"b":{}}
,"/Users/jakubbiesiada/github/react-render-actions/src/Condition/Else.ts": {"path":"/Users/jakubbiesiada/github/react-render-actions/src/Condition/Else.ts","statementMap":{"0":{"start":{"line":5,"column":13},"end":{"line":5,"column":54}},"1":{"start":{"line":5,"column":23},"end":{"line":5,"column":31}},"2":{"start":{"line":5,"column":45},"end":{"line":5,"column":54}}},"fnMap":{"0":{"name":"(anonymous_0)","decl":{"start":{"line":5,"column":20},"end":{"line":5,"column":21}},"loc":{"start":{"line":5,"column":40},"end":{"line":5,"column":53}}}},"branchMap":{},"s":{"0":5,"1":0,"2":0},"f":{"0":0},"b":{}}
,"/Users/jakubbiesiada/github/react-render-actions/src/Condition/If.ts": {"path":"/Users/jakubbiesiada/github/react-render-actions/src/Condition/If.ts","statementMap":{"0":{"start":{"line":1,"column":0},"end":{"line":1,"column":30}},"1":{"start":{"line":2,"column":0},"end":{"line":2,"column":30}},"2":{"start":{"line":9,"column":13},"end":{"line":13,"column":2}},"3":{"start":{"line":9,"column":21},"end":{"line":9,"column":29}},"4":{"start":{"line":9,"column":31},"end":{"line":9,"column":40}},"5":{"start":{"line":10,"column":2},"end":{"line":12,"column":5}},"6":{"start":{"line":11,"column":4},"end":{"line":11,"column":65}}},"fnMap":{"0":{"name":"(anonymous_0)","decl":{"start":{"line":9,"column":18},"end":{"line":9,"column":19}},"loc":{"start":{"line":9,"column":49},"end":{"line":13,"column":1}}},"1":{"name":"(anonymous_1)","decl":{"start":{"line":10,"column":23},"end":{"line":10,"column":24}},"loc":{"start":{"line":10,"column":34},"end":{"line":12,"column":3}}}},"branchMap":{"0":{"loc":{"start":{"line":11,"column":23},"end":{"line":11,"column":42}},"type":"cond-expr","locations":[{"start":{"line":11,"column":23},"end":{"line":11,"column":42}},{"start":{"line":11,"column":45},"end":{"line":11,"column":64}}]}},"s":{"0":5,"1":5,"2":5,"3":1,"4":1,"5":1,"6":1},"f":{"0":1,"1":1},"b":{"0":[1,0]}}
,"/Users/jakubbiesiada/github/react-render-actions/src/Condition/Then.ts": {"path":"/Users/jakubbiesiada/github/react-render-actions/src/Condition/Then.ts","statementMap":{"0":{"start":{"line":5,"column":13},"end":{"line":5,"column":54}},"1":{"start":{"line":5,"column":23},"end":{"line":5,"column":31}},"2":{"start":{"line":5,"column":45},"end":{"line":5,"column":54}}},"fnMap":{"0":{"name":"(anonymous_0)","decl":{"start":{"line":5,"column":20},"end":{"line":5,"column":21}},"loc":{"start":{"line":5,"column":40},"end":{"line":5,"column":53}}}},"branchMap":{},"s":{"0":5,"1":1,"2":1},"f":{"0":1},"b":{}}
,"/Users/jakubbiesiada/github/react-render-actions/src/Condition/Unless.ts": {"path":"/Users/jakubbiesiada/github/react-render-actions/src/Condition/Unless.ts","statementMap":{"0":{"start":{"line":6,"column":13},"end":{"line":8,"column":2}},"1":{"start":{"line":6,"column":25},"end":{"line":6,"column":33}},"2":{"start":{"line":6,"column":35},"end":{"line":6,"column":44}},"3":{"start":{"line":7,"column":2},"end":{"line":7,"column":37}}},"fnMap":{"0":{"name":"(anonymous_0)","decl":{"start":{"line":6,"column":22},"end":{"line":6,"column":23}},"loc":{"start":{"line":6,"column":53},"end":{"line":8,"column":1}}}},"branchMap":{"0":{"loc":{"start":{"line":7,"column":21},"end":{"line":7,"column":25}},"type":"cond-expr","locations":[{"start":{"line":7,"column":21},"end":{"line":7,"column":25}},{"start":{"line":7,"column":28},"end":{"line":7,"column":36}}]}},"s":{"0":5,"1":1,"2":1,"3":1},"f":{"0":1},"b":{"0":[0,1]}}
,"/Users/jakubbiesiada/github/react-render-actions/src/Condition/When.ts": {"path":"/Users/jakubbiesiada/github/react-render-actions/src/Condition/When.ts","statementMap":{"0":{"start":{"line":6,"column":13},"end":{"line":8,"column":2}},"1":{"start":{"line":6,"column":23},"end":{"line":6,"column":31}},"2":{"start":{"line":6,"column":33},"end":{"line":6,"column":42}},"3":{"start":{"line":7,"column":2},"end":{"line":7,"column":37}}},"fnMap":{"0":{"name":"(anonymous_0)","decl":{"start":{"line":6,"column":20},"end":{"line":6,"column":21}},"loc":{"start":{"line":6,"column":51},"end":{"line":8,"column":1}}}},"branchMap":{"0":{"loc":{"start":{"line":7,"column":21},"end":{"line":7,"column":29}},"type":"cond-expr","locations":[{"start":{"line":7,"column":21},"end":{"line":7,"column":29}},{"start":{"line":7,"column":32},"end":{"line":7,"column":36}}]}},"s":{"0":5,"1":1,"2":1,"3":1},"f":{"0":1},"b":{"0":[1,0]}}
,"/Users/jakubbiesiada/github/react-render-actions/src/Functions/Filter.ts": {"path":"/Users/jakubbiesiada/github/react-render-actions/src/Functions/Filter.ts","statementMap":{"0":{"start":{"line":7,"column":13},"end":{"line":9,"column":2}},"1":{"start":{"line":7,"column":25},"end":{"line":7,"column":29}},"2":{"start":{"line":7,"column":31},"end":{"line":7,"column":39}},"3":{"start":{"line":7,"column":41},"end":{"line":7,"column":48}},"4":{"start":{"line":8,"column":2},"end":{"line":8,"column":61}},"5":{"start":{"line":8,"column":45},"end":{"line":8,"column":59}}},"fnMap":{"0":{"name":"(anonymous_0)","decl":{"start":{"line":7,"column":22},"end":{"line":7,"column":23}},"loc":{"start":{"line":7,"column":57},"end":{"line":9,"column":1}}},"1":{"name":"(anonymous_1)","decl":{"start":{"line":8,"column":30},"end":{"line":8,"column":31}},"loc":{"start":{"line":8,"column":40},"end":{"line":8,"column":52}}}},"branchMap":{},"s":{"0":5,"1":1,"2":1,"3":1,"4":1,"5":7},"f":{"0":1,"1":7},"b":{}}
,"/Users/jakubbiesiada/github/react-render-actions/src/Functions/Map.ts": {"path":"/Users/jakubbiesiada/github/react-render-actions/src/Functions/Map.ts","statementMap":{"0":{"start":{"line":6,"column":13},"end":{"line":8,"column":2}},"1":{"start":{"line":6,"column":22},"end":{"line":6,"column":26}},"2":{"start":{"line":6,"column":28},"end":{"line":6,"column":36}},"3":{"start":{"line":7,"column":2},"end":{"line":7,"column":49}},"4":{"start":{"line":7,"column":33},"end":{"line":7,"column":48}}},"fnMap":{"0":{"name":"(anonymous_0)","decl":{"start":{"line":6,"column":19},"end":{"line":6,"column":20}},"loc":{"start":{"line":6,"column":45},"end":{"line":8,"column":1}}},"1":{"name":"(anonymous_1)","decl":{"start":{"line":7,"column":18},"end":{"line":7,"column":19}},"loc":{"start":{"line":7,"column":28},"end":{"line":7,"column":41}}}},"branchMap":{},"s":{"0":5,"1":1,"2":1,"3":1,"4":7},"f":{"0":1,"1":7},"b":{}}
,"/Users/jakubbiesiada/github/react-render-actions/src/Functions/Reduce.ts": {"path":"/Users/jakubbiesiada/github/react-render-actions/src/Functions/Reduce.ts","statementMap":{"0":{"start":{"line":7,"column":13},"end":{"line":9,"column":2}},"1":{"start":{"line":7,"column":25},"end":{"line":7,"column":29}},"2":{"start":{"line":7,"column":31},"end":{"line":7,"column":39}},"3":{"start":{"line":7,"column":41},"end":{"line":7,"column":48}},"4":{"start":{"line":8,"column":2},"end":{"line":8,"column":40}}},"fnMap":{"0":{"name":"(anonymous_0)","decl":{"start":{"line":7,"column":22},"end":{"line":7,"column":23}},"loc":{"start":{"line":7,"column":57},"end":{"line":9,"column":1}}}},"branchMap":{},"s":{"0":5,"1":1,"2":1,"3":1,"4":1},"f":{"0":1},"b":{}}
,"/Users/jakubbiesiada/github/react-render-actions/src/Loop/Break.ts": {"path":"/Users/jakubbiesiada/github/react-render-actions/src/Loop/Break.ts","statementMap":{"0":{"start":{"line":1,"column":13},"end":{"line":1,"column":32}},"1":{"start":{"line":1,"column":27},"end":{"line":1,"column":32}}},"fnMap":{"0":{"name":"(anonymous_0)","decl":{"start":{"line":1,"column":21},"end":{"line":1,"column":27}},"loc":{"start":{"line":1,"column":21},"end":{"line":1,"column":31}}}},"branchMap":{},"s":{"0":5,"1":0},"f":{"0":0},"b":{}}
,"/Users/jakubbiesiada/github/react-render-actions/src/Loop/Continue.ts": {"path":"/Users/jakubbiesiada/github/react-render-actions/src/Loop/Continue.ts","statementMap":{"0":{"start":{"line":1,"column":13},"end":{"line":1,"column":35}},"1":{"start":{"line":1,"column":30},"end":{"line":1,"column":35}}},"fnMap":{"0":{"name":"(anonymous_0)","decl":{"start":{"line":1,"column":24},"end":{"line":1,"column":30}},"loc":{"start":{"line":1,"column":24},"end":{"line":1,"column":34}}}},"branchMap":{},"s":{"0":5,"1":0},"f":{"0":0},"b":{}}
,"/Users/jakubbiesiada/github/react-render-actions/src/Loop/DoWhile.ts": {"path":"/Users/jakubbiesiada/github/react-render-actions/src/Loop/DoWhile.ts","statementMap":{"0":{"start":{"line":6,"column":13},"end":{"line":10,"column":2}},"1":{"start":{"line":6,"column":26},"end":{"line":6,"column":34}},"2":{"start":{"line":6,"column":36},"end":{"line":6,"column":40}},"3":{"start":{"line":7,"column":2},"end":{"line":9,"column":17}},"4":{"start":{"line":8,"column":4},"end":{"line":8,"column":20}}},"fnMap":{"0":{"name":"(anonymous_0)","decl":{"start":{"line":6,"column":23},"end":{"line":6,"column":24}},"loc":{"start":{"line":6,"column":49},"end":{"line":10,"column":1}}}},"branchMap":{},"s":{"0":5,"1":0,"2":0,"3":0,"4":0},"f":{"0":0},"b":{}}
,"/Users/jakubbiesiada/github/react-render-actions/src/Loop/For.ts": {"path":"/Users/jakubbiesiada/github/react-render-actions/src/Loop/For.ts","statementMap":{"0":{"start":{"line":11,"column":13},"end":{"line":19,"column":2}},"1":{"start":{"line":11,"column":22},"end":{"line":11,"column":30}},"2":{"start":{"line":11,"column":32},"end":{"line":11,"column":37}},"3":{"start":{"line":11,"column":39},"end":{"line":11,"column":49}},"4":{"start":{"line":11,"column":51},"end":{"line":11,"column":55}},"5":{"start":{"line":12,"column":2},"end":{"line":18,"column":null}},"6":{"start":{"line":12,"column":15},"end":{"line":12,"column":20}},"7":{"start":{"line":17,"column":4},"end":{"line":17,"column":20}}},"fnMap":{"0":{"name":"(anonymous_0)","decl":{"start":{"line":11,"column":19},"end":{"line":11,"column":20}},"loc":{"start":{"line":11,"column":64},"end":{"line":19,"column":1}}}},"branchMap":{},"s":{"0":5,"1":0,"2":0,"3":0,"4":0,"5":0,"6":0,"7":0},"f":{"0":0},"b":{}}
,"/Users/jakubbiesiada/github/react-render-actions/src/Loop/ForEach.ts": {"path":"/Users/jakubbiesiada/github/react-render-actions/src/Loop/ForEach.ts","statementMap":{"0":{"start":{"line":6,"column":13},"end":{"line":10,"column":2}},"1":{"start":{"line":6,"column":26},"end":{"line":6,"column":34}},"2":{"start":{"line":6,"column":36},"end":{"line":6,"column":40}},"3":{"start":{"line":7,"column":2},"end":{"line":9,"column":5}},"4":{"start":{"line":8,"column":4},"end":{"line":8,"column":33}}},"fnMap":{"0":{"name":"(anonymous_0)","decl":{"start":{"line":6,"column":23},"end":{"line":6,"column":24}},"loc":{"start":{"line":6,"column":49},"end":{"line":10,"column":1}}},"1":{"name":"(anonymous_1)","decl":{"start":{"line":7,"column":22},"end":{"line":7,"column":23}},"loc":{"start":{"line":7,"column":34},"end":{"line":9,"column":3}}}},"branchMap":{},"s":{"0":5,"1":0,"2":0,"3":0,"4":0},"f":{"0":0,"1":0},"b":{}}
,"/Users/jakubbiesiada/github/react-render-actions/src/Loop/ForIn.ts": {"path":"/Users/jakubbiesiada/github/react-render-actions/src/Loop/ForIn.ts","statementMap":{"0":{"start":{"line":6,"column":13},"end":{"line":10,"column":2}},"1":{"start":{"line":6,"column":24},"end":{"line":6,"column":32}},"2":{"start":{"line":6,"column":34},"end":{"line":6,"column":38}},"3":{"start":{"line":7,"column":2},"end":{"line":9,"column":null}},"4":{"start":{"line":8,"column":4},"end":{"line":8,"column":27}}},"fnMap":{"0":{"name":"(anonymous_0)","decl":{"start":{"line":6,"column":21},"end":{"line":6,"column":22}},"loc":{"start":{"line":6,"column":47},"end":{"line":10,"column":1}}}},"branchMap":{},"s":{"0":5,"1":0,"2":0,"3":0,"4":0},"f":{"0":0},"b":{}}
,"/Users/jakubbiesiada/github/react-render-actions/src/Loop/ForOf.ts": {"path":"/Users/jakubbiesiada/github/react-render-actions/src/Loop/ForOf.ts","statementMap":{"0":{"start":{"line":6,"column":13},"end":{"line":10,"column":2}},"1":{"start":{"line":6,"column":24},"end":{"line":6,"column":32}},"2":{"start":{"line":6,"column":34},"end":{"line":6,"column":38}},"3":{"start":{"line":7,"column":2},"end":{"line":9,"column":null}},"4":{"start":{"line":7,"column":20},"end":{"line":7,"column":24}},"5":{"start":{"line":7,"column":16},"end":{"line":7,"column":20}},"6":{"start":{"line":8,"column":4},"end":{"line":8,"column":27}}},"fnMap":{"0":{"name":"(anonymous_0)","decl":{"start":{"line":6,"column":21},"end":{"line":6,"column":22}},"loc":{"start":{"line":6,"column":47},"end":{"line":10,"column":1}}}},"branchMap":{},"s":{"0":5,"1":0,"2":0,"3":0,"4":0,"5":0,"6":0},"f":{"0":0},"b":{}}
,"/Users/jakubbiesiada/github/react-render-actions/src/Loop/While.ts": {"path":"/Users/jakubbiesiada/github/react-render-actions/src/Loop/While.ts","statementMap":{"0":{"start":{"line":6,"column":13},"end":{"line":10,"column":2}},"1":{"start":{"line":6,"column":24},"end":{"line":6,"column":32}},"2":{"start":{"line":6,"column":34},"end":{"line":6,"column":38}},"3":{"start":{"line":7,"column":2},"end":{"line":9,"column":null}},"4":{"start":{"line":8,"column":4},"end":{"line":8,"column":20}}},"fnMap":{"0":{"name":"(anonymous_0)","decl":{"start":{"line":6,"column":21},"end":{"line":6,"column":22}},"loc":{"start":{"line":6,"column":47},"end":{"line":10,"column":1}}}},"branchMap":{},"s":{"0":5,"1":0,"2":0,"3":0,"4":0},"f":{"0":0},"b":{}}
,"/Users/jakubbiesiada/github/react-render-actions/src/Promise/Promise.ts": {"path":"/Users/jakubbiesiada/github/react-render-actions/src/Promise/Promise.ts","statementMap":{"0":{"start":{"line":1,"column":0},"end":{"line":1,"column":36}},"1":{"start":{"line":2,"column":0},"end":{"line":2,"column":34}},"2":{"start":{"line":11,"column":13},"end":{"line":19,"column":2}},"3":{"start":{"line":11,"column":27},"end":{"line":11,"column":35}},"4":{"start":{"line":11,"column":37},"end":{"line":11,"column":44}},"5":{"start":{"line":11,"column":46},"end":{"line":11,"column":50}},"6":{"start":{"line":11,"column":52},"end":{"line":11,"column":60}},"7":{"start":{"line":12,"column":2},"end":{"line":14,"column":68}},"8":{"start":{"line":13,"column":16},"end":{"line":13,"column":67}},"9":{"start":{"line":13,"column":47},"end":{"line":13,"column":66}},"10":{"start":{"line":14,"column":17},"end":{"line":14,"column":67}},"11":{"start":{"line":14,"column":48},"end":{"line":14,"column":66}}},"fnMap":{"0":{"name":"(anonymous_0)","decl":{"start":{"line":11,"column":24},"end":{"line":11,"column":25}},"loc":{"start":{"line":11,"column":69},"end":{"line":19,"column":1}}},"1":{"name":"(anonymous_1)","decl":{"start":{"line":13,"column":10},"end":{"line":13,"column":16}},"loc":{"start":{"line":13,"column":10},"end":{"line":13,"column":24}}},"2":{"name":"(anonymous_2)","decl":{"start":{"line":13,"column":35},"end":{"line":13,"column":36}},"loc":{"start":{"line":13,"column":42},"end":{"line":13,"column":48}}},"3":{"name":"(anonymous_3)","decl":{"start":{"line":14,"column":11},"end":{"line":14,"column":17}},"loc":{"start":{"line":14,"column":11},"end":{"line":14,"column":25}}},"4":{"name":"(anonymous_4)","decl":{"start":{"line":14,"column":36},"end":{"line":14,"column":37}},"loc":{"start":{"line":14,"column":43},"end":{"line":14,"column":49}}}},"branchMap":{},"s":{"0":5,"1":5,"2":5,"3":0,"4":0,"5":0,"6":0,"7":0,"8":0,"9":0,"10":0,"11":0},"f":{"0":0,"1":0,"2":0,"3":0,"4":0},"b":{}}
,"/Users/jakubbiesiada/github/react-render-actions/src/Promise/Reject.ts": {"path":"/Users/jakubbiesiada/github/react-render-actions/src/Promise/Reject.ts","statementMap":{"0":{"start":{"line":1,"column":13},"end":{"line":1,"column":54}},"1":{"start":{"line":1,"column":25},"end":{"line":1,"column":33}},"2":{"start":{"line":1,"column":45},"end":{"line":1,"column":54}}},"fnMap":{"0":{"name":"(anonymous_0)","decl":{"start":{"line":1,"column":22},"end":{"line":1,"column":23}},"loc":{"start":{"line":1,"column":40},"end":{"line":1,"column":53}}}},"branchMap":{},"s":{"0":5,"1":0,"2":0},"f":{"0":0},"b":{}}
,"/Users/jakubbiesiada/github/react-render-actions/src/Promise/Resolve.ts": {"path":"/Users/jakubbiesiada/github/react-render-actions/src/Promise/Resolve.ts","statementMap":{"0":{"start":{"line":5,"column":13},"end":{"line":5,"column":57}},"1":{"start":{"line":5,"column":26},"end":{"line":5,"column":34}},"2":{"start":{"line":5,"column":48},"end":{"line":5,"column":57}}},"fnMap":{"0":{"name":"(anonymous_0)","decl":{"start":{"line":5,"column":23},"end":{"line":5,"column":24}},"loc":{"start":{"line":5,"column":43},"end":{"line":5,"column":56}}}},"branchMap":{},"s":{"0":5,"1":0,"2":0},"f":{"0":0},"b":{}}
,"/Users/jakubbiesiada/github/react-render-actions/src/Switch/Case.ts": {"path":"/Users/jakubbiesiada/github/react-render-actions/src/Switch/Case.ts","statementMap":{"0":{"start":{"line":5,"column":13},"end":{"line":5,"column":54}},"1":{"start":{"line":5,"column":23},"end":{"line":5,"column":31}},"2":{"start":{"line":5,"column":45},"end":{"line":5,"column":54}}},"fnMap":{"0":{"name":"(anonymous_0)","decl":{"start":{"line":5,"column":20},"end":{"line":5,"column":21}},"loc":{"start":{"line":5,"column":40},"end":{"line":5,"column":53}}}},"branchMap":{},"s":{"0":5,"1":0,"2":0},"f":{"0":0},"b":{}}
,"/Users/jakubbiesiada/github/react-render-actions/src/Switch/Default.ts": {"path":"/Users/jakubbiesiada/github/react-render-actions/src/Switch/Default.ts","statementMap":{"0":{"start":{"line":5,"column":13},"end":{"line":5,"column":57}},"1":{"start":{"line":5,"column":26},"end":{"line":5,"column":34}},"2":{"start":{"line":5,"column":48},"end":{"line":5,"column":57}}},"fnMap":{"0":{"name":"(anonymous_0)","decl":{"start":{"line":5,"column":23},"end":{"line":5,"column":24}},"loc":{"start":{"line":5,"column":43},"end":{"line":5,"column":56}}}},"branchMap":{},"s":{"0":5,"1":1,"2":1},"f":{"0":1},"b":{}}
,"/Users/jakubbiesiada/github/react-render-actions/src/Switch/Switch.ts": {"path":"/Users/jakubbiesiada/github/react-render-actions/src/Switch/Switch.ts","statementMap":{"0":{"start":{"line":1,"column":0},"end":{"line":1,"column":30}},"1":{"start":{"line":2,"column":0},"end":{"line":2,"column":36}},"2":{"start":{"line":9,"column":13},"end":{"line":25,"column":2}},"3":{"start":{"line":9,"column":25},"end":{"line":9,"column":36}},"4":{"start":{"line":9,"column":38},"end":{"line":9,"column":46}},"5":{"start":{"line":10,"column":15},"end":{"line":12,"column":70}},"6":{"start":{"line":12,"column":22},"end":{"line":12,"column":70}},"7":{"start":{"line":14,"column":23},"end":{"line":16,"column":41}},"8":{"start":{"line":16,"column":22},"end":{"line":16,"column":41}},"9":{"start":{"line":18,"column":2},"end":{"line":24,"column":null}},"10":{"start":{"line":19,"column":4},"end":{"line":19,"column":16}},"11":{"start":{"line":20,"column":9},"end":{"line":24,"column":null}},"12":{"start":{"line":21,"column":4},"end":{"line":21,"column":24}},"13":{"start":{"line":23,"column":4},"end":{"line":23,"column":16}}},"fnMap":{"0":{"name":"(anonymous_0)","decl":{"start":{"line":9,"column":22},"end":{"line":9,"column":23}},"loc":{"start":{"line":9,"column":55},"end":{"line":25,"column":1}}},"1":{"name":"(anonymous_1)","decl":{"start":{"line":12,"column":10},"end":{"line":12,"column":11}},"loc":{"start":{"line":12,"column":17},"end":{"line":12,"column":23}}},"2":{"name":"(anonymous_2)","decl":{"start":{"line":16,"column":10},"end":{"line":16,"column":11}},"loc":{"start":{"line":16,"column":17},"end":{"line":16,"column":23}}}},"branchMap":{"0":{"loc":{"start":{"line":12,"column":22},"end":{"line":12,"column":37}},"type":"binary-expr","locations":[{"start":{"line":12,"column":22},"end":{"line":12,"column":37}},{"start":{"line":12,"column":41},"end":{"line":12,"column":69}}]},"1":{"loc":{"start":{"line":18,"column":2},"end":{"line":24,"column":null}},"type":"if","locations":[{"start":{"line":18,"column":2},"end":{"line":24,"column":null}},{"start":{"line":18,"column":2},"end":{"line":24,"column":null}}]},"2":{"loc":{"start":{"line":20,"column":9},"end":{"line":24,"column":null}},"type":"if","locations":[{"start":{"line":20,"column":9},"end":{"line":24,"column":null}},{"start":{"line":20,"column":9},"end":{"line":24,"column":null}}]}},"s":{"0":5,"1":5,"2":5,"3":1,"4":1,"5":1,"6":1,"7":1,"8":1,"9":1,"10":0,"11":1,"12":1,"13":0},"f":{"0":1,"1":1,"2":1},"b":{"0":[1,0],"1":[0,1],"2":[1,0]}}
,"/Users/jakubbiesiada/github/react-render-actions/src/Timeout/SetInterval.ts": {"path":"/Users/jakubbiesiada/github/react-render-actions/src/Timeout/SetInterval.ts","statementMap":{"0":{"start":{"line":1,"column":0},"end":{"line":1,"column":44}},"1":{"start":{"line":10,"column":13},"end":{"line":29,"column":2}},"2":{"start":{"line":11,"column":2},"end":{"line":11,"column":10}},"3":{"start":{"line":12,"column":2},"end":{"line":12,"column":20}},"4":{"start":{"line":13,"column":2},"end":{"line":13,"column":16}},"5":{"start":{"line":14,"column":2},"end":{"line":14,"column":9}},"6":{"start":{"line":16,"column":8},"end":{"line":16,"column":9}},"7":{"start":{"line":16,"column":9},"end":{"line":16,"column":16}},"8":{"start":{"line":16,"column":18},"end":{"line":16,"column":56}},"9":{"start":{"line":18,"column":2},"end":{"line":26,"column":34}},"10":{"start":{"line":19,"column":4},"end":{"line":25,"column":null}},"11":{"start":{"line":20,"column":23},"end":{"line":22,"column":17}},"12":{"start":{"line":21,"column":8},"end":{"line":21,"column":32}},"13":{"start":{"line":24,"column":6},"end":{"line":24,"column":43}},"14":{"start":{"line":24,"column":19},"end":{"line":24,"column":43}},"15":{"start":{"line":28,"column":2},"end":{"line":28,"column":44}}},"fnMap":{"0":{"name":"(anonymous_0)","decl":{"start":{"line":10,"column":27},"end":{"line":10,"column":28}},"loc":{"start":{"line":15,"column":8},"end":{"line":29,"column":1}}},"1":{"name":"(anonymous_1)","decl":{"start":{"line":18,"column":12},"end":{"line":18,"column":null}},"loc":{"start":{"line":18,"column":12},"end":{"line":26,"column":3}}},"2":{"name":"(anonymous_2)","decl":{"start":{"line":20,"column":35},"end":{"line":20,"column":null}},"loc":{"start":{"line":20,"column":35},"end":{"line":22,"column":7}}},"3":{"name":"(anonymous_3)","decl":{"start":{"line":24,"column":13},"end":{"line":24,"column":19}},"loc":{"start":{"line":24,"column":13},"end":{"line":24,"column":32}}}},"branchMap":{"0":{"loc":{"start":{"line":12,"column":2},"end":{"line":12,"column":20}},"type":"cond-expr","locations":[{"start":{"line":12,"column":2},"end":{"line":12,"column":20}},{"start":{"line":12,"column":2},"end":{"line":12,"column":20}}]},"1":{"loc":{"start":{"line":13,"column":2},"end":{"line":13,"column":16}},"type":"cond-expr","locations":[{"start":{"line":13,"column":2},"end":{"line":13,"column":16}},{"start":{"line":13,"column":2},"end":{"line":13,"column":16}}]},"2":{"loc":{"start":{"line":19,"column":4},"end":{"line":25,"column":null}},"type":"if","locations":[{"start":{"line":19,"column":4},"end":{"line":25,"column":null}},{"start":{"line":19,"column":4},"end":{"line":25,"column":null}}]},"3":{"loc":{"start":{"line":28,"column":19},"end":{"line":28,"column":36}},"type":"cond-expr","locations":[{"start":{"line":28,"column":19},"end":{"line":28,"column":36}},{"start":{"line":28,"column":39},"end":{"line":28,"column":43}}]}},"s":{"0":5,"1":5,"2":1,"3":2,"4":2,"5":1,"6":1,"7":1,"8":1,"9":1,"10":1,"11":1,"12":0,"13":1,"14":1,"15":1},"f":{"0":1,"1":1,"2":0,"3":1},"b":{"0":[0,1],"1":[0,1],"2":[1,0],"3":[1,0]}}
,"/Users/jakubbiesiada/github/react-render-actions/src/Timeout/SetTimeout.ts": {"path":"/Users/jakubbiesiada/github/react-render-actions/src/Timeout/SetTimeout.ts","statementMap":{"0":{"start":{"line":1,"column":0},"end":{"line":1,"column":33}},"1":{"start":{"line":9,"column":13},"end":{"line":19,"column":2}},"2":{"start":{"line":9,"column":29},"end":{"line":9,"column":37}},"3":{"start":{"line":9,"column":39},"end":{"line":9,"column":46}},"4":{"start":{"line":9,"column":48},"end":{"line":9,"column":55}},"5":{"start":{"line":10,"column":8},"end":{"line":10,"column":9}},"6":{"start":{"line":10,"column":9},"end":{"line":10,"column":13}},"7":{"start":{"line":10,"column":15},"end":{"line":10,"column":41}},"8":{"start":{"line":12,"column":2},"end":{"line":16,"column":null}},"9":{"start":{"line":13,"column":4},"end":{"line":15,"column":16}},"10":{"start":{"line":14,"column":6},"end":{"line":14,"column":20}},"11":{"start":{"line":18,"column":2},"end":{"line":18,"column":32}}},"fnMap":{"0":{"name":"(anonymous_0)","decl":{"start":{"line":9,"column":26},"end":{"line":9,"column":27}},"loc":{"start":{"line":9,"column":64},"end":{"line":19,"column":1}}},"1":{"name":"(anonymous_1)","decl":{"start":{"line":13,"column":15},"end":{"line":13,"column":null}},"loc":{"start":{"line":13,"column":15},"end":{"line":15,"column":5}}}},"branchMap":{"0":{"loc":{"start":{"line":12,"column":2},"end":{"line":16,"column":null}},"type":"if","locations":[{"start":{"line":12,"column":2},"end":{"line":16,"column":null}},{"start":{"line":12,"column":2},"end":{"line":16,"column":null}}]},"1":{"loc":{"start":{"line":18,"column":16},"end":{"line":18,"column":24}},"type":"cond-expr","locations":[{"start":{"line":18,"column":16},"end":{"line":18,"column":24}},{"start":{"line":18,"column":27},"end":{"line":18,"column":31}}]}},"s":{"0":5,"1":5,"2":1,"3":1,"4":1,"5":1,"6":1,"7":1,"8":1,"9":1,"10":0,"11":1},"f":{"0":1,"1":0},"b":{"0":[1,0],"1":[0,1]}}
}
